<?xml version="1.0" encoding="UTF-8"?>
<!-- Generated by org.testng.reporters.JUnitReportReporter -->
<testsuite hostname="DESKTOP-0IJD7UK" failures="0" tests="1" name="maven_test.maven_project.sample_test" time="0.028" errors="0" timestamp="2024-01-14T22:36:42 IST" skipped="0">
  <testcase classname="maven_test.maven_project.sample_test" name="smoke" time="0.028"/>
  <system-out/>
</testsuite> <!-- maven_test.maven_project.sample_test -->
