<?xml version="1.0" encoding="UTF-8"?>
<!-- Generated by org.testng.reporters.JUnitReportReporter -->
<testsuite hostname="DESKTOP-0IJD7UK" failures="0" tests="3" name="maven_test.maven_project.ExpediaTest" time="15.630" errors="0" timestamp="2024-04-20T11:22:03 PDT" skipped="0">
  <testcase classname="maven_test.maven_project.ExpediaTest" name="validate_logo" time="0.531"/>
  <system-out/>
  <testcase classname="maven_test.maven_project.ExpediaTest" name="validate_tabs_homepage" time="0.712"/>
  <system-out/>
  <testcase classname="maven_test.maven_project.ExpediaTest" name="booking_car" time="14.387"/>
  <system-out/>
</testsuite> <!-- maven_test.maven_project.ExpediaTest -->
