<?xml version="1.0" encoding="UTF-8"?>
<!-- Generated by org.testng.reporters.JUnitReportReporter -->
<testsuite hostname="DESKTOP-0IJD7UK" failures="0" tests="3" name="maven_test.maven_project.ParallelTest" time="260.066" errors="0" timestamp="2024-03-29T13:39:30 PDT" skipped="0">
  <testcase classname="maven_test.maven_project.ParallelTest" name="validate_logo" time="72.022"/>
  <system-out/>
  <testcase classname="maven_test.maven_project.ParallelTest" name="validate_reserve_online_banner" time="81.464"/>
  <system-out/>
  <testcase classname="maven_test.maven_project.ParallelTest" name="find_store" time="106.580"/>
  <system-out/>
</testsuite> <!-- maven_test.maven_project.ParallelTest -->
