<?xml version="1.0" encoding="UTF-8"?>
<!-- Generated by org.testng.reporters.JUnitReportReporter -->
<testsuite hostname="DESKTOP-0IJD7UK" failures="0" tests="11" name="maven_test.maven_project.sampleTest" time="100.509" errors="0" timestamp="2024-04-16T10:34:38 PDT" skipped="0">
  <testcase classname="maven_test.maven_project.sampleTest" name="close_popup" time="0.024"/>
  <system-out/>
  <testcase classname="maven_test.maven_project.sampleTest" name="validate_logo" time="0.177"/>
  <system-out/>
  <testcase classname="maven_test.maven_project.sampleTest" name="validate_reserve_online_message" time="0.079"/>
  <system-out/>
  <testcase classname="maven_test.maven_project.sampleTest" name="find_store" time="51.301"/>
  <system-out/>
  <testcase classname="maven_test.maven_project.sampleTest" name="verify_espot_rolling_images" time="12.014"/>
  <system-out/>
  <testcase classname="maven_test.maven_project.sampleTest" name="verify_top_brands" time="2.093"/>
  <system-out/>
  <testcase classname="maven_test.maven_project.sampleTest" name="verify_hiring_banner" time="0.054"/>
  <system-out/>
  <testcase classname="maven_test.maven_project.sampleTest" name="verify_findStore_banner" time="0.063"/>
  <system-out/>
  <testcase classname="maven_test.maven_project.sampleTest" name="validate_browse_parts_button" time="15.590"/>
  <system-out/>
  <testcase classname="maven_test.maven_project.sampleTest" name="validate_item_counts" time="4.319"/>
  <system-out/>
  <testcase classname="maven_test.maven_project.sampleTest" name="search_sku_validate_product_page" time="14.795"/>
  <system-out/>
</testsuite> <!-- maven_test.maven_project.sampleTest -->
