<?xml version="1.0" encoding="UTF-8"?>
<!-- Generated by org.testng.reporters.JUnitReportReporter -->
<testsuite hostname="DESKTOP-0IJD7UK" failures="0" tests="3" name="maven_test.maven_project.sampleTest" time="15.391" errors="0" timestamp="2024-03-16T00:52:48 PDT" skipped="0">
  <testcase classname="maven_test.maven_project.sampleTest" name="handle_popup" time="0.018"/>
  <system-out/>
  <testcase classname="maven_test.maven_project.sampleTest" name="validate_logo" time="0.114"/>
  <system-out/>
  <testcase classname="maven_test.maven_project.sampleTest" name="find_store" time="15.259"/>
  <system-out/>
</testsuite> <!-- maven_test.maven_project.sampleTest -->
