<?xml version="1.0" encoding="UTF-8"?>
<!-- Generated by org.testng.reporters.JUnitReportReporter -->
<testsuite hostname="DESKTOP-0IJD7UK" failures="0" tests="5" name="maven_test.maven_project.sampleTest" time="27.732" errors="0" timestamp="2024-03-25T12:07:23 PDT" skipped="0">
  <testcase classname="maven_test.maven_project.sampleTest" name="handle_popup" time="0.019"/>
  <system-out/>
  <testcase classname="maven_test.maven_project.sampleTest" name="validate_logo" time="0.121"/>
  <system-out/>
  <testcase classname="maven_test.maven_project.sampleTest" name="validate_reserve_online_message" time="0.112"/>
  <system-out/>
  <testcase classname="maven_test.maven_project.sampleTest" name="find_store" time="14.853"/>
  <system-out/>
  <testcase classname="maven_test.maven_project.sampleTest" name="verify_espot_rolling_images" time="12.627"/>
  <system-out/>
</testsuite> <!-- maven_test.maven_project.sampleTest -->
