<?xml version="1.0" encoding="UTF-8"?>
<!-- Generated by org.testng.reporters.JUnitReportReporter -->
<testsuite hostname="DESKTOP-0IJD7UK" failures="0" tests="6" name="maven_test.maven_project.sampleTest" time="29.771" errors="0" timestamp="2024-03-25T13:49:47 PDT" skipped="0">
  <testcase classname="maven_test.maven_project.sampleTest" name="handle_popup" time="0.038"/>
  <system-out/>
  <testcase classname="maven_test.maven_project.sampleTest" name="validate_logo" time="0.157"/>
  <system-out/>
  <testcase classname="maven_test.maven_project.sampleTest" name="validate_reserve_online_message" time="0.100"/>
  <system-out/>
  <testcase classname="maven_test.maven_project.sampleTest" name="find_store" time="15.838"/>
  <system-out/>
  <testcase classname="maven_test.maven_project.sampleTest" name="verify_espot_rolling_images" time="10.797"/>
  <system-out/>
  <testcase classname="maven_test.maven_project.sampleTest" name="verify_top_brands" time="2.841"/>
  <system-out/>
</testsuite> <!-- maven_test.maven_project.sampleTest -->
