<?xml version="1.0" encoding="UTF-8"?>
<!-- Generated by org.testng.reporters.JUnitReportReporter -->
<testsuite hostname="DESKTOP-0IJD7UK" failures="0" tests="9" name="maven_test.maven_project.sampleTest" time="32.672" errors="0" timestamp="2024-03-27T19:06:56 PDT" skipped="0">
  <testcase classname="maven_test.maven_project.sampleTest" name="handle_popup" time="0.253"/>
  <system-out/>
  <testcase classname="maven_test.maven_project.sampleTest" name="validate_logo" time="0.227"/>
  <system-out/>
  <testcase classname="maven_test.maven_project.sampleTest" name="validate_reserve_online_message" time="0.084"/>
  <system-out/>
  <testcase classname="maven_test.maven_project.sampleTest" name="find_store" time="17.887"/>
  <system-out/>
  <testcase classname="maven_test.maven_project.sampleTest" name="verify_espot_rolling_images" time="10.678"/>
  <system-out/>
  <testcase classname="maven_test.maven_project.sampleTest" name="verify_top_brands" time="2.708"/>
  <system-out/>
  <testcase classname="maven_test.maven_project.sampleTest" name="verify_hiring_banner" time="0.078"/>
  <system-out/>
  <testcase classname="maven_test.maven_project.sampleTest" name="verify_findStore_banner" time="0.077"/>
  <system-out/>
  <testcase classname="maven_test.maven_project.sampleTest" name="validate_browse_parts_button" time="0.680"/>
  <system-out/>
</testsuite> <!-- maven_test.maven_project.sampleTest -->
