<?xml version="1.0" encoding="UTF-8"?>
<!-- Generated by org.testng.reporters.JUnitReportReporter -->
<testsuite hostname="DESKTOP-0IJD7UK" failures="0" tests="1" name="maven_test.maven_project.sampleTest" time="10.323" errors="0" timestamp="2024-03-14T10:24:42 PDT" skipped="0">
  <testcase classname="maven_test.maven_project.sampleTest" name="smoke" time="10.323"/>
  <system-out/>
</testsuite> <!-- maven_test.maven_project.sampleTest -->
